<component name="libraryTable">
  <library name="junit_4.12">
    <CLASSES />
    <JAVADOC />
    <SOURCES />
  </library>
</component>